2025-02-19T02:21:18.790+09:00  WARN 26144 --- [demo] [HikariPool-17 housekeeper] com.zaxxer.hikari.pool.HikariPool        : HikariPool-17 - Thread starvation or clock leap detected (housekeeper delta=7h58m57s839ms235µs399ns).
2025-02-19T04:03:00.751+09:00 DEBUG 26144 --- [demo] [spring-session-1] o.s.jdbc.core.JdbcTemplate               : Executing prepared SQL update
2025-02-19T04:03:00.755+09:00 DEBUG 26144 --- [demo] [spring-session-1] o.s.jdbc.core.JdbcTemplate               : Executing prepared SQL statement [DELETE FROM SPRING_SESSION
WHERE EXPIRY_TIME < ?
]
2025-02-19T04:03:21.769+09:00  WARN 26144 --- [demo] [HikariPool-17 housekeeper] com.zaxxer.hikari.pool.HikariPool        : HikariPool-17 - Thread starvation or clock leap detected (housekeeper delta=1h42m2s983ms53µs401ns).
2025-02-19T04:04:00.005+09:00 DEBUG 26144 --- [demo] [spring-session-1] o.s.jdbc.core.JdbcTemplate               : Executing prepared SQL update
2025-02-19T04:04:00.006+09:00 DEBUG 26144 --- [demo] [spring-session-1] o.s.jdbc.core.JdbcTemplate               : Executing prepared SQL statement [DELETE FROM SPRING_SESSION
WHERE EXPIRY_TIME < ?
]
2025-02-19T04:05:00.014+09:00 DEBUG 26144 --- [demo] [spring-session-1] o.s.jdbc.core.JdbcTemplate               : Executing prepared SQL update
2025-02-19T04:05:00.014+09:00 DEBUG 26144 --- [demo] [spring-session-1] o.s.jdbc.core.JdbcTemplate               : Executing prepared SQL statement [DELETE FROM SPRING_SESSION
WHERE EXPIRY_TIME < ?
]
2025-02-19T08:57:01.967+09:00  WARN 26144 --- [demo] [HikariPool-17 housekeeper] com.zaxxer.hikari.pool.HikariPool        : HikariPool-17 - Thread starvation or clock leap detected (housekeeper delta=4h52m10s184ms244µs500ns).
2025-02-19T08:57:40.175+09:00 DEBUG 26144 --- [demo] [spring-session-1] o.s.jdbc.core.JdbcTemplate               : Executing prepared SQL update
2025-02-19T08:57:40.190+09:00 DEBUG 26144 --- [demo] [spring-session-1] o.s.jdbc.core.JdbcTemplate               : Executing prepared SQL statement [DELETE FROM SPRING_SESSION
WHERE EXPIRY_TIME < ?
]
2025-02-19T08:58:00.020+09:00 DEBUG 26144 --- [demo] [spring-session-1] o.s.jdbc.core.JdbcTemplate               : Executing prepared SQL update
2025-02-19T08:58:00.020+09:00 DEBUG 26144 --- [demo] [spring-session-1] o.s.jdbc.core.JdbcTemplate               : Executing prepared SQL statement [DELETE FROM SPRING_SESSION
WHERE EXPIRY_TIME < ?
]
2025-02-19T08:59:00.020+09:00 DEBUG 26144 --- [demo] [spring-session-1] o.s.jdbc.core.JdbcTemplate               : Executing prepared SQL update
2025-02-19T08:59:00.020+09:00 DEBUG 26144 --- [demo] [spring-session-1] o.s.jdbc.core.JdbcTemplate               : Executing prepared SQL statement [DELETE FROM SPRING_SESSION
WHERE EXPIRY_TIME < ?
]
2025-02-19T09:00:00.013+09:00 DEBUG 26144 --- [demo] [spring-session-1] o.s.jdbc.core.JdbcTemplate               : Executing prepared SQL update
2025-02-19T09:00:00.013+09:00 DEBUG 26144 --- [demo] [spring-session-1] o.s.jdbc.core.JdbcTemplate               : Executing prepared SQL statement [DELETE FROM SPRING_SESSION
WHERE EXPIRY_TIME < ?
]
2025-02-19T09:01:00.016+09:00 DEBUG 26144 --- [demo] [spring-session-1] o.s.jdbc.core.JdbcTemplate               : Executing prepared SQL update
2025-02-19T09:01:00.016+09:00 DEBUG 26144 --- [demo] [spring-session-1] o.s.jdbc.core.JdbcTemplate               : Executing prepared SQL statement [DELETE FROM SPRING_SESSION
WHERE EXPIRY_TIME < ?
]
2025-02-19T09:02:00.018+09:00 DEBUG 26144 --- [demo] [spring-session-1] o.s.jdbc.core.JdbcTemplate               : Executing prepared SQL update
2025-02-19T09:02:00.018+09:00 DEBUG 26144 --- [demo] [spring-session-1] o.s.jdbc.core.JdbcTemplate               : Executing prepared SQL statement [DELETE FROM SPRING_SESSION
WHERE EXPIRY_TIME < ?
]
2025-02-19T09:03:00.003+09:00 DEBUG 26144 --- [demo] [spring-session-1] o.s.jdbc.core.JdbcTemplate               : Executing prepared SQL update
2025-02-19T09:03:00.003+09:00 DEBUG 26144 --- [demo] [spring-session-1] o.s.jdbc.core.JdbcTemplate               : Executing prepared SQL statement [DELETE FROM SPRING_SESSION
WHERE EXPIRY_TIME < ?
]
2025-02-19T09:04:00.022+09:00 DEBUG 26144 --- [demo] [spring-session-1] o.s.jdbc.core.JdbcTemplate               : Executing prepared SQL update
2025-02-19T09:04:00.022+09:00 DEBUG 26144 --- [demo] [spring-session-1] o.s.jdbc.core.JdbcTemplate               : Executing prepared SQL statement [DELETE FROM SPRING_SESSION
WHERE EXPIRY_TIME < ?
]
2025-02-19T09:05:00.018+09:00 DEBUG 26144 --- [demo] [spring-session-1] o.s.jdbc.core.JdbcTemplate               : Executing prepared SQL update
2025-02-19T09:05:00.018+09:00 DEBUG 26144 --- [demo] [spring-session-1] o.s.jdbc.core.JdbcTemplate               : Executing prepared SQL statement [DELETE FROM SPRING_SESSION
WHERE EXPIRY_TIME < ?
]
2025-02-19T09:06:00.008+09:00 DEBUG 26144 --- [demo] [spring-session-1] o.s.jdbc.core.JdbcTemplate               : Executing prepared SQL update
2025-02-19T09:06:00.008+09:00 DEBUG 26144 --- [demo] [spring-session-1] o.s.jdbc.core.JdbcTemplate               : Executing prepared SQL statement [DELETE FROM SPRING_SESSION
WHERE EXPIRY_TIME < ?
]
2025-02-19T09:07:00.017+09:00 DEBUG 26144 --- [demo] [spring-session-1] o.s.jdbc.core.JdbcTemplate               : Executing prepared SQL update
2025-02-19T09:07:00.018+09:00 DEBUG 26144 --- [demo] [spring-session-1] o.s.jdbc.core.JdbcTemplate               : Executing prepared SQL statement [DELETE FROM SPRING_SESSION
WHERE EXPIRY_TIME < ?
]
2025-02-19T09:08:00.014+09:00 DEBUG 26144 --- [demo] [spring-session-1] o.s.jdbc.core.JdbcTemplate               : Executing prepared SQL update
2025-02-19T09:08:00.015+09:00 DEBUG 26144 --- [demo] [spring-session-1] o.s.jdbc.core.JdbcTemplate               : Executing prepared SQL statement [DELETE FROM SPRING_SESSION
WHERE EXPIRY_TIME < ?
]
2025-02-19T09:09:00.001+09:00 DEBUG 26144 --- [demo] [spring-session-1] o.s.jdbc.core.JdbcTemplate               : Executing prepared SQL update
2025-02-19T09:09:00.001+09:00 DEBUG 26144 --- [demo] [spring-session-1] o.s.jdbc.core.JdbcTemplate               : Executing prepared SQL statement [DELETE FROM SPRING_SESSION
WHERE EXPIRY_TIME < ?
]
2025-02-19T09:10:00.017+09:00 DEBUG 26144 --- [demo] [spring-session-1] o.s.jdbc.core.JdbcTemplate               : Executing prepared SQL update
2025-02-19T09:10:00.017+09:00 DEBUG 26144 --- [demo] [spring-session-1] o.s.jdbc.core.JdbcTemplate               : Executing prepared SQL statement [DELETE FROM SPRING_SESSION
WHERE EXPIRY_TIME < ?
]
2025-02-19T09:11:00.014+09:00 DEBUG 26144 --- [demo] [spring-session-1] o.s.jdbc.core.JdbcTemplate               : Executing prepared SQL update
2025-02-19T09:11:00.014+09:00 DEBUG 26144 --- [demo] [spring-session-1] o.s.jdbc.core.JdbcTemplate               : Executing prepared SQL statement [DELETE FROM SPRING_SESSION
WHERE EXPIRY_TIME < ?
]
2025-02-19T09:12:00.009+09:00 DEBUG 26144 --- [demo] [spring-session-1] o.s.jdbc.core.JdbcTemplate               : Executing prepared SQL update
2025-02-19T09:12:00.009+09:00 DEBUG 26144 --- [demo] [spring-session-1] o.s.jdbc.core.JdbcTemplate               : Executing prepared SQL statement [DELETE FROM SPRING_SESSION
WHERE EXPIRY_TIME < ?
]
2025-02-19T09:13:00.018+09:00 DEBUG 26144 --- [demo] [spring-session-1] o.s.jdbc.core.JdbcTemplate               : Executing prepared SQL update
2025-02-19T09:13:00.018+09:00 DEBUG 26144 --- [demo] [spring-session-1] o.s.jdbc.core.JdbcTemplate               : Executing prepared SQL statement [DELETE FROM SPRING_SESSION
WHERE EXPIRY_TIME < ?
]
2025-02-19T09:14:00.015+09:00 DEBUG 26144 --- [demo] [spring-session-1] o.s.jdbc.core.JdbcTemplate               : Executing prepared SQL update
2025-02-19T09:14:00.015+09:00 DEBUG 26144 --- [demo] [spring-session-1] o.s.jdbc.core.JdbcTemplate               : Executing prepared SQL statement [DELETE FROM SPRING_SESSION
WHERE EXPIRY_TIME < ?
]
2025-02-19T09:15:00.019+09:00 DEBUG 26144 --- [demo] [spring-session-1] o.s.jdbc.core.JdbcTemplate               : Executing prepared SQL update
2025-02-19T09:15:00.019+09:00 DEBUG 26144 --- [demo] [spring-session-1] o.s.jdbc.core.JdbcTemplate               : Executing prepared SQL statement [DELETE FROM SPRING_SESSION
WHERE EXPIRY_TIME < ?
]
2025-02-19T09:16:00.019+09:00 DEBUG 26144 --- [demo] [spring-session-1] o.s.jdbc.core.JdbcTemplate               : Executing prepared SQL update
2025-02-19T09:16:00.019+09:00 DEBUG 26144 --- [demo] [spring-session-1] o.s.jdbc.core.JdbcTemplate               : Executing prepared SQL statement [DELETE FROM SPRING_SESSION
WHERE EXPIRY_TIME < ?
]
2025-02-19T09:17:00.007+09:00 DEBUG 26144 --- [demo] [spring-session-1] o.s.jdbc.core.JdbcTemplate               : Executing prepared SQL update
2025-02-19T09:17:00.007+09:00 DEBUG 26144 --- [demo] [spring-session-1] o.s.jdbc.core.JdbcTemplate               : Executing prepared SQL statement [DELETE FROM SPRING_SESSION
WHERE EXPIRY_TIME < ?
]
2025-02-19T09:18:00.005+09:00 DEBUG 26144 --- [demo] [spring-session-1] o.s.jdbc.core.JdbcTemplate               : Executing prepared SQL update
2025-02-19T09:18:00.005+09:00 DEBUG 26144 --- [demo] [spring-session-1] o.s.jdbc.core.JdbcTemplate               : Executing prepared SQL statement [DELETE FROM SPRING_SESSION
WHERE EXPIRY_TIME < ?
]
2025-02-19T09:19:00.009+09:00 DEBUG 26144 --- [demo] [spring-session-1] o.s.jdbc.core.JdbcTemplate               : Executing prepared SQL update
2025-02-19T09:19:00.010+09:00 DEBUG 26144 --- [demo] [spring-session-1] o.s.jdbc.core.JdbcTemplate               : Executing prepared SQL statement [DELETE FROM SPRING_SESSION
WHERE EXPIRY_TIME < ?
]
2025-02-19T09:20:00.003+09:00 DEBUG 26144 --- [demo] [spring-session-1] o.s.jdbc.core.JdbcTemplate               : Executing prepared SQL update
2025-02-19T09:20:00.003+09:00 DEBUG 26144 --- [demo] [spring-session-1] o.s.jdbc.core.JdbcTemplate               : Executing prepared SQL statement [DELETE FROM SPRING_SESSION
WHERE EXPIRY_TIME < ?
]
2025-02-19T09:21:00.017+09:00 DEBUG 26144 --- [demo] [spring-session-1] o.s.jdbc.core.JdbcTemplate               : Executing prepared SQL update
2025-02-19T09:21:00.019+09:00 DEBUG 26144 --- [demo] [spring-session-1] o.s.jdbc.core.JdbcTemplate               : Executing prepared SQL statement [DELETE FROM SPRING_SESSION
WHERE EXPIRY_TIME < ?
]
2025-02-19T09:22:00.011+09:00 DEBUG 26144 --- [demo] [spring-session-1] o.s.jdbc.core.JdbcTemplate               : Executing prepared SQL update
2025-02-19T09:22:00.012+09:00 DEBUG 26144 --- [demo] [spring-session-1] o.s.jdbc.core.JdbcTemplate               : Executing prepared SQL statement [DELETE FROM SPRING_SESSION
WHERE EXPIRY_TIME < ?
]
2025-02-19T09:23:00.013+09:00 DEBUG 26144 --- [demo] [spring-session-1] o.s.jdbc.core.JdbcTemplate               : Executing prepared SQL update
2025-02-19T09:23:00.014+09:00 DEBUG 26144 --- [demo] [spring-session-1] o.s.jdbc.core.JdbcTemplate               : Executing prepared SQL statement [DELETE FROM SPRING_SESSION
WHERE EXPIRY_TIME < ?
]
2025-02-19T09:24:00.009+09:00 DEBUG 26144 --- [demo] [spring-session-1] o.s.jdbc.core.JdbcTemplate               : Executing prepared SQL update
2025-02-19T09:24:00.009+09:00 DEBUG 26144 --- [demo] [spring-session-1] o.s.jdbc.core.JdbcTemplate               : Executing prepared SQL statement [DELETE FROM SPRING_SESSION
WHERE EXPIRY_TIME < ?
]
2025-02-19T09:25:00.012+09:00 DEBUG 26144 --- [demo] [spring-session-1] o.s.jdbc.core.JdbcTemplate               : Executing prepared SQL update
2025-02-19T09:25:00.013+09:00 DEBUG 26144 --- [demo] [spring-session-1] o.s.jdbc.core.JdbcTemplate               : Executing prepared SQL statement [DELETE FROM SPRING_SESSION
WHERE EXPIRY_TIME < ?
]
2025-02-19T09:26:00.006+09:00 DEBUG 26144 --- [demo] [spring-session-1] o.s.jdbc.core.JdbcTemplate               : Executing prepared SQL update
2025-02-19T09:26:00.006+09:00 DEBUG 26144 --- [demo] [spring-session-1] o.s.jdbc.core.JdbcTemplate               : Executing prepared SQL statement [DELETE FROM SPRING_SESSION
WHERE EXPIRY_TIME < ?
]
2025-02-19T09:27:00.021+09:00 DEBUG 26144 --- [demo] [spring-session-1] o.s.jdbc.core.JdbcTemplate               : Executing prepared SQL update
2025-02-19T09:27:00.021+09:00 DEBUG 26144 --- [demo] [spring-session-1] o.s.jdbc.core.JdbcTemplate               : Executing prepared SQL statement [DELETE FROM SPRING_SESSION
WHERE EXPIRY_TIME < ?
]
2025-02-19T09:28:00.015+09:00 DEBUG 26144 --- [demo] [spring-session-1] o.s.jdbc.core.JdbcTemplate               : Executing prepared SQL update
2025-02-19T09:28:00.016+09:00 DEBUG 26144 --- [demo] [spring-session-1] o.s.jdbc.core.JdbcTemplate               : Executing prepared SQL statement [DELETE FROM SPRING_SESSION
WHERE EXPIRY_TIME < ?
]
2025-02-19T09:29:00.010+09:00 DEBUG 26144 --- [demo] [spring-session-1] o.s.jdbc.core.JdbcTemplate               : Executing prepared SQL update
2025-02-19T09:29:00.010+09:00 DEBUG 26144 --- [demo] [spring-session-1] o.s.jdbc.core.JdbcTemplate               : Executing prepared SQL statement [DELETE FROM SPRING_SESSION
WHERE EXPIRY_TIME < ?
]
2025-02-19T09:30:00.017+09:00 DEBUG 26144 --- [demo] [spring-session-1] o.s.jdbc.core.JdbcTemplate               : Executing prepared SQL update
2025-02-19T09:30:00.017+09:00 DEBUG 26144 --- [demo] [spring-session-1] o.s.jdbc.core.JdbcTemplate               : Executing prepared SQL statement [DELETE FROM SPRING_SESSION
WHERE EXPIRY_TIME < ?
]
2025-02-19T09:31:00.004+09:00 DEBUG 26144 --- [demo] [spring-session-1] o.s.jdbc.core.JdbcTemplate               : Executing prepared SQL update
2025-02-19T09:31:00.004+09:00 DEBUG 26144 --- [demo] [spring-session-1] o.s.jdbc.core.JdbcTemplate               : Executing prepared SQL statement [DELETE FROM SPRING_SESSION
WHERE EXPIRY_TIME < ?
]
2025-02-19T09:32:00.015+09:00 DEBUG 26144 --- [demo] [spring-session-1] o.s.jdbc.core.JdbcTemplate               : Executing prepared SQL update
2025-02-19T09:32:00.015+09:00 DEBUG 26144 --- [demo] [spring-session-1] o.s.jdbc.core.JdbcTemplate               : Executing prepared SQL statement [DELETE FROM SPRING_SESSION
WHERE EXPIRY_TIME < ?
]
2025-02-19T09:33:00.021+09:00 DEBUG 26144 --- [demo] [spring-session-1] o.s.jdbc.core.JdbcTemplate               : Executing prepared SQL update
2025-02-19T09:33:00.021+09:00 DEBUG 26144 --- [demo] [spring-session-1] o.s.jdbc.core.JdbcTemplate               : Executing prepared SQL statement [DELETE FROM SPRING_SESSION
WHERE EXPIRY_TIME < ?
]
2025-02-19T09:34:00.008+09:00 DEBUG 26144 --- [demo] [spring-session-1] o.s.jdbc.core.JdbcTemplate               : Executing prepared SQL update
2025-02-19T09:34:00.008+09:00 DEBUG 26144 --- [demo] [spring-session-1] o.s.jdbc.core.JdbcTemplate               : Executing prepared SQL statement [DELETE FROM SPRING_SESSION
WHERE EXPIRY_TIME < ?
]
2025-02-19T09:35:00.011+09:00 DEBUG 26144 --- [demo] [spring-session-1] o.s.jdbc.core.JdbcTemplate               : Executing prepared SQL update
2025-02-19T09:35:00.011+09:00 DEBUG 26144 --- [demo] [spring-session-1] o.s.jdbc.core.JdbcTemplate               : Executing prepared SQL statement [DELETE FROM SPRING_SESSION
WHERE EXPIRY_TIME < ?
]
2025-02-19T09:36:00.018+09:00 DEBUG 26144 --- [demo] [spring-session-1] o.s.jdbc.core.JdbcTemplate               : Executing prepared SQL update
2025-02-19T09:36:00.018+09:00 DEBUG 26144 --- [demo] [spring-session-1] o.s.jdbc.core.JdbcTemplate               : Executing prepared SQL statement [DELETE FROM SPRING_SESSION
WHERE EXPIRY_TIME < ?
]
2025-02-19T09:37:00.012+09:00 DEBUG 26144 --- [demo] [spring-session-1] o.s.jdbc.core.JdbcTemplate               : Executing prepared SQL update
2025-02-19T09:37:00.012+09:00 DEBUG 26144 --- [demo] [spring-session-1] o.s.jdbc.core.JdbcTemplate               : Executing prepared SQL statement [DELETE FROM SPRING_SESSION
WHERE EXPIRY_TIME < ?
]
2025-02-19T09:38:00.022+09:00 DEBUG 26144 --- [demo] [spring-session-1] o.s.jdbc.core.JdbcTemplate               : Executing prepared SQL update
2025-02-19T09:38:00.022+09:00 DEBUG 26144 --- [demo] [spring-session-1] o.s.jdbc.core.JdbcTemplate               : Executing prepared SQL statement [DELETE FROM SPRING_SESSION
WHERE EXPIRY_TIME < ?
]
2025-02-19T09:39:00.007+09:00 DEBUG 26144 --- [demo] [spring-session-1] o.s.jdbc.core.JdbcTemplate               : Executing prepared SQL update
2025-02-19T09:39:00.007+09:00 DEBUG 26144 --- [demo] [spring-session-1] o.s.jdbc.core.JdbcTemplate               : Executing prepared SQL statement [DELETE FROM SPRING_SESSION
WHERE EXPIRY_TIME < ?
]
2025-02-19T09:40:00.003+09:00 DEBUG 26144 --- [demo] [spring-session-1] o.s.jdbc.core.JdbcTemplate               : Executing prepared SQL update
2025-02-19T09:40:00.003+09:00 DEBUG 26144 --- [demo] [spring-session-1] o.s.jdbc.core.JdbcTemplate               : Executing prepared SQL statement [DELETE FROM SPRING_SESSION
WHERE EXPIRY_TIME < ?
]
2025-02-19T09:41:00.047+09:00 DEBUG 26144 --- [demo] [spring-session-1] o.s.jdbc.core.JdbcTemplate               : Executing prepared SQL update
2025-02-19T09:41:00.047+09:00 DEBUG 26144 --- [demo] [spring-session-1] o.s.jdbc.core.JdbcTemplate               : Executing prepared SQL statement [DELETE FROM SPRING_SESSION
WHERE EXPIRY_TIME < ?
]
2025-02-19T09:42:00.020+09:00 DEBUG 26144 --- [demo] [spring-session-1] o.s.jdbc.core.JdbcTemplate               : Executing prepared SQL update
2025-02-19T09:42:00.020+09:00 DEBUG 26144 --- [demo] [spring-session-1] o.s.jdbc.core.JdbcTemplate               : Executing prepared SQL statement [DELETE FROM SPRING_SESSION
WHERE EXPIRY_TIME < ?
]
2025-02-19T09:43:00.020+09:00 DEBUG 26144 --- [demo] [spring-session-1] o.s.jdbc.core.JdbcTemplate               : Executing prepared SQL update
2025-02-19T09:43:00.020+09:00 DEBUG 26144 --- [demo] [spring-session-1] o.s.jdbc.core.JdbcTemplate               : Executing prepared SQL statement [DELETE FROM SPRING_SESSION
WHERE EXPIRY_TIME < ?
]
2025-02-19T09:44:00.015+09:00 DEBUG 26144 --- [demo] [spring-session-1] o.s.jdbc.core.JdbcTemplate               : Executing prepared SQL update
2025-02-19T09:44:00.015+09:00 DEBUG 26144 --- [demo] [spring-session-1] o.s.jdbc.core.JdbcTemplate               : Executing prepared SQL statement [DELETE FROM SPRING_SESSION
WHERE EXPIRY_TIME < ?
]
2025-02-19T09:45:00.013+09:00 DEBUG 26144 --- [demo] [spring-session-1] o.s.jdbc.core.JdbcTemplate               : Executing prepared SQL update
2025-02-19T09:45:00.013+09:00 DEBUG 26144 --- [demo] [spring-session-1] o.s.jdbc.core.JdbcTemplate               : Executing prepared SQL statement [DELETE FROM SPRING_SESSION
WHERE EXPIRY_TIME < ?
]
2025-02-19T09:46:00.071+09:00 DEBUG 26144 --- [demo] [spring-session-1] o.s.jdbc.core.JdbcTemplate               : Executing prepared SQL update
2025-02-19T09:46:00.071+09:00 DEBUG 26144 --- [demo] [spring-session-1] o.s.jdbc.core.JdbcTemplate               : Executing prepared SQL statement [DELETE FROM SPRING_SESSION
WHERE EXPIRY_TIME < ?
]
2025-02-19T09:47:00.010+09:00 DEBUG 26144 --- [demo] [spring-session-1] o.s.jdbc.core.JdbcTemplate               : Executing prepared SQL update
2025-02-19T09:47:00.010+09:00 DEBUG 26144 --- [demo] [spring-session-1] o.s.jdbc.core.JdbcTemplate               : Executing prepared SQL statement [DELETE FROM SPRING_SESSION
WHERE EXPIRY_TIME < ?
]
2025-02-19T09:48:00.025+09:00 DEBUG 26144 --- [demo] [spring-session-1] o.s.jdbc.core.JdbcTemplate               : Executing prepared SQL update
2025-02-19T09:48:00.025+09:00 DEBUG 26144 --- [demo] [spring-session-1] o.s.jdbc.core.JdbcTemplate               : Executing prepared SQL statement [DELETE FROM SPRING_SESSION
WHERE EXPIRY_TIME < ?
]
2025-02-19T09:49:00.023+09:00 DEBUG 26144 --- [demo] [spring-session-1] o.s.jdbc.core.JdbcTemplate               : Executing prepared SQL update
2025-02-19T09:49:00.023+09:00 DEBUG 26144 --- [demo] [spring-session-1] o.s.jdbc.core.JdbcTemplate               : Executing prepared SQL statement [DELETE FROM SPRING_SESSION
WHERE EXPIRY_TIME < ?
]
2025-02-19T09:50:00.014+09:00 DEBUG 26144 --- [demo] [spring-session-1] o.s.jdbc.core.JdbcTemplate               : Executing prepared SQL update
2025-02-19T09:50:00.014+09:00 DEBUG 26144 --- [demo] [spring-session-1] o.s.jdbc.core.JdbcTemplate               : Executing prepared SQL statement [DELETE FROM SPRING_SESSION
WHERE EXPIRY_TIME < ?
]
2025-02-19T09:51:00.018+09:00 DEBUG 26144 --- [demo] [spring-session-1] o.s.jdbc.core.JdbcTemplate               : Executing prepared SQL update
2025-02-19T09:51:00.019+09:00 DEBUG 26144 --- [demo] [spring-session-1] o.s.jdbc.core.JdbcTemplate               : Executing prepared SQL statement [DELETE FROM SPRING_SESSION
WHERE EXPIRY_TIME < ?
]
2025-02-19T09:52:00.008+09:00 DEBUG 26144 --- [demo] [spring-session-1] o.s.jdbc.core.JdbcTemplate               : Executing prepared SQL update
2025-02-19T09:52:00.010+09:00 DEBUG 26144 --- [demo] [spring-session-1] o.s.jdbc.core.JdbcTemplate               : Executing prepared SQL statement [DELETE FROM SPRING_SESSION
WHERE EXPIRY_TIME < ?
]
2025-02-19T09:53:00.010+09:00 DEBUG 26144 --- [demo] [spring-session-1] o.s.jdbc.core.JdbcTemplate               : Executing prepared SQL update
2025-02-19T09:53:00.010+09:00 DEBUG 26144 --- [demo] [spring-session-1] o.s.jdbc.core.JdbcTemplate               : Executing prepared SQL statement [DELETE FROM SPRING_SESSION
WHERE EXPIRY_TIME < ?
]
2025-02-19T09:54:00.014+09:00 DEBUG 26144 --- [demo] [spring-session-1] o.s.jdbc.core.JdbcTemplate               : Executing prepared SQL update
2025-02-19T09:54:00.014+09:00 DEBUG 26144 --- [demo] [spring-session-1] o.s.jdbc.core.JdbcTemplate               : Executing prepared SQL statement [DELETE FROM SPRING_SESSION
WHERE EXPIRY_TIME < ?
]
2025-02-19T09:55:00.013+09:00 DEBUG 26144 --- [demo] [spring-session-1] o.s.jdbc.core.JdbcTemplate               : Executing prepared SQL update
2025-02-19T09:55:00.013+09:00 DEBUG 26144 --- [demo] [spring-session-1] o.s.jdbc.core.JdbcTemplate               : Executing prepared SQL statement [DELETE FROM SPRING_SESSION
WHERE EXPIRY_TIME < ?
]
2025-02-19T09:56:00.006+09:00 DEBUG 26144 --- [demo] [spring-session-1] o.s.jdbc.core.JdbcTemplate               : Executing prepared SQL update
2025-02-19T09:56:00.006+09:00 DEBUG 26144 --- [demo] [spring-session-1] o.s.jdbc.core.JdbcTemplate               : Executing prepared SQL statement [DELETE FROM SPRING_SESSION
WHERE EXPIRY_TIME < ?
]
2025-02-19T09:57:00.015+09:00 DEBUG 26144 --- [demo] [spring-session-1] o.s.jdbc.core.JdbcTemplate               : Executing prepared SQL update
2025-02-19T09:57:00.015+09:00 DEBUG 26144 --- [demo] [spring-session-1] o.s.jdbc.core.JdbcTemplate               : Executing prepared SQL statement [DELETE FROM SPRING_SESSION
WHERE EXPIRY_TIME < ?
]
2025-02-19T09:58:00.023+09:00 DEBUG 26144 --- [demo] [spring-session-1] o.s.jdbc.core.JdbcTemplate               : Executing prepared SQL update
2025-02-19T09:58:00.023+09:00 DEBUG 26144 --- [demo] [spring-session-1] o.s.jdbc.core.JdbcTemplate               : Executing prepared SQL statement [DELETE FROM SPRING_SESSION
WHERE EXPIRY_TIME < ?
]
2025-02-19T09:59:00.019+09:00 DEBUG 26144 --- [demo] [spring-session-1] o.s.jdbc.core.JdbcTemplate               : Executing prepared SQL update
2025-02-19T09:59:00.019+09:00 DEBUG 26144 --- [demo] [spring-session-1] o.s.jdbc.core.JdbcTemplate               : Executing prepared SQL statement [DELETE FROM SPRING_SESSION
WHERE EXPIRY_TIME < ?
]
2025-02-19T10:00:00.005+09:00 DEBUG 26144 --- [demo] [spring-session-1] o.s.jdbc.core.JdbcTemplate               : Executing prepared SQL update
2025-02-19T10:00:00.005+09:00 DEBUG 26144 --- [demo] [spring-session-1] o.s.jdbc.core.JdbcTemplate               : Executing prepared SQL statement [DELETE FROM SPRING_SESSION
WHERE EXPIRY_TIME < ?
]
2025-02-19T10:01:00.029+09:00 DEBUG 26144 --- [demo] [spring-session-1] o.s.jdbc.core.JdbcTemplate               : Executing prepared SQL update
2025-02-19T10:01:00.030+09:00 DEBUG 26144 --- [demo] [spring-session-1] o.s.jdbc.core.JdbcTemplate               : Executing prepared SQL statement [DELETE FROM SPRING_SESSION
WHERE EXPIRY_TIME < ?
]
2025-02-19T10:02:00.015+09:00 DEBUG 26144 --- [demo] [spring-session-1] o.s.jdbc.core.JdbcTemplate               : Executing prepared SQL update
2025-02-19T10:02:00.015+09:00 DEBUG 26144 --- [demo] [spring-session-1] o.s.jdbc.core.JdbcTemplate               : Executing prepared SQL statement [DELETE FROM SPRING_SESSION
WHERE EXPIRY_TIME < ?
]
2025-02-19T10:03:00.009+09:00 DEBUG 26144 --- [demo] [spring-session-1] o.s.jdbc.core.JdbcTemplate               : Executing prepared SQL update
2025-02-19T10:03:00.009+09:00 DEBUG 26144 --- [demo] [spring-session-1] o.s.jdbc.core.JdbcTemplate               : Executing prepared SQL statement [DELETE FROM SPRING_SESSION
WHERE EXPIRY_TIME < ?
]
2025-02-19T10:04:00.013+09:00 DEBUG 26144 --- [demo] [spring-session-1] o.s.jdbc.core.JdbcTemplate               : Executing prepared SQL update
2025-02-19T10:04:00.013+09:00 DEBUG 26144 --- [demo] [spring-session-1] o.s.jdbc.core.JdbcTemplate               : Executing prepared SQL statement [DELETE FROM SPRING_SESSION
WHERE EXPIRY_TIME < ?
]
2025-02-19T10:05:00.010+09:00 DEBUG 26144 --- [demo] [spring-session-1] o.s.jdbc.core.JdbcTemplate               : Executing prepared SQL update
2025-02-19T10:05:00.011+09:00 DEBUG 26144 --- [demo] [spring-session-1] o.s.jdbc.core.JdbcTemplate               : Executing prepared SQL statement [DELETE FROM SPRING_SESSION
WHERE EXPIRY_TIME < ?
]
2025-02-19T10:06:00.005+09:00 DEBUG 26144 --- [demo] [spring-session-1] o.s.jdbc.core.JdbcTemplate               : Executing prepared SQL update
2025-02-19T10:06:00.005+09:00 DEBUG 26144 --- [demo] [spring-session-1] o.s.jdbc.core.JdbcTemplate               : Executing prepared SQL statement [DELETE FROM SPRING_SESSION
WHERE EXPIRY_TIME < ?
]
2025-02-19T10:07:00.016+09:00 DEBUG 26144 --- [demo] [spring-session-1] o.s.jdbc.core.JdbcTemplate               : Executing prepared SQL update
2025-02-19T10:07:00.016+09:00 DEBUG 26144 --- [demo] [spring-session-1] o.s.jdbc.core.JdbcTemplate               : Executing prepared SQL statement [DELETE FROM SPRING_SESSION
WHERE EXPIRY_TIME < ?
]
2025-02-19T10:08:00.009+09:00 DEBUG 26144 --- [demo] [spring-session-1] o.s.jdbc.core.JdbcTemplate               : Executing prepared SQL update
2025-02-19T10:08:00.009+09:00 DEBUG 26144 --- [demo] [spring-session-1] o.s.jdbc.core.JdbcTemplate               : Executing prepared SQL statement [DELETE FROM SPRING_SESSION
WHERE EXPIRY_TIME < ?
]
2025-02-19T10:09:00.016+09:00 DEBUG 26144 --- [demo] [spring-session-1] o.s.jdbc.core.JdbcTemplate               : Executing prepared SQL update
2025-02-19T10:09:00.016+09:00 DEBUG 26144 --- [demo] [spring-session-1] o.s.jdbc.core.JdbcTemplate               : Executing prepared SQL statement [DELETE FROM SPRING_SESSION
WHERE EXPIRY_TIME < ?
]
2025-02-19T10:10:00.011+09:00 DEBUG 26144 --- [demo] [spring-session-1] o.s.jdbc.core.JdbcTemplate               : Executing prepared SQL update
2025-02-19T10:10:00.011+09:00 DEBUG 26144 --- [demo] [spring-session-1] o.s.jdbc.core.JdbcTemplate               : Executing prepared SQL statement [DELETE FROM SPRING_SESSION
WHERE EXPIRY_TIME < ?
]
2025-02-19T10:11:00.007+09:00 DEBUG 26144 --- [demo] [spring-session-1] o.s.jdbc.core.JdbcTemplate               : Executing prepared SQL update
2025-02-19T10:11:00.008+09:00 DEBUG 26144 --- [demo] [spring-session-1] o.s.jdbc.core.JdbcTemplate               : Executing prepared SQL statement [DELETE FROM SPRING_SESSION
WHERE EXPIRY_TIME < ?
]
2025-02-19T10:12:00.015+09:00 DEBUG 26144 --- [demo] [spring-session-1] o.s.jdbc.core.JdbcTemplate               : Executing prepared SQL update
2025-02-19T10:12:00.015+09:00 DEBUG 26144 --- [demo] [spring-session-1] o.s.jdbc.core.JdbcTemplate               : Executing prepared SQL statement [DELETE FROM SPRING_SESSION
WHERE EXPIRY_TIME < ?
]
2025-02-19T10:13:00.014+09:00 DEBUG 26144 --- [demo] [spring-session-1] o.s.jdbc.core.JdbcTemplate               : Executing prepared SQL update
2025-02-19T10:13:00.015+09:00 DEBUG 26144 --- [demo] [spring-session-1] o.s.jdbc.core.JdbcTemplate               : Executing prepared SQL statement [DELETE FROM SPRING_SESSION
WHERE EXPIRY_TIME < ?
]
2025-02-19T10:14:00.013+09:00 DEBUG 26144 --- [demo] [spring-session-1] o.s.jdbc.core.JdbcTemplate               : Executing prepared SQL update
2025-02-19T10:14:00.013+09:00 DEBUG 26144 --- [demo] [spring-session-1] o.s.jdbc.core.JdbcTemplate               : Executing prepared SQL statement [DELETE FROM SPRING_SESSION
WHERE EXPIRY_TIME < ?
]
2025-02-19T10:15:00.028+09:00 DEBUG 26144 --- [demo] [spring-session-1] o.s.jdbc.core.JdbcTemplate               : Executing prepared SQL update
2025-02-19T10:15:00.028+09:00 DEBUG 26144 --- [demo] [spring-session-1] o.s.jdbc.core.JdbcTemplate               : Executing prepared SQL statement [DELETE FROM SPRING_SESSION
WHERE EXPIRY_TIME < ?
]
2025-02-19T10:16:00.018+09:00 DEBUG 26144 --- [demo] [spring-session-1] o.s.jdbc.core.JdbcTemplate               : Executing prepared SQL update
2025-02-19T10:16:00.018+09:00 DEBUG 26144 --- [demo] [spring-session-1] o.s.jdbc.core.JdbcTemplate               : Executing prepared SQL statement [DELETE FROM SPRING_SESSION
WHERE EXPIRY_TIME < ?
]
2025-02-19T10:17:00.005+09:00 DEBUG 26144 --- [demo] [spring-session-1] o.s.jdbc.core.JdbcTemplate               : Executing prepared SQL update
2025-02-19T10:17:00.006+09:00 DEBUG 26144 --- [demo] [spring-session-1] o.s.jdbc.core.JdbcTemplate               : Executing prepared SQL statement [DELETE FROM SPRING_SESSION
WHERE EXPIRY_TIME < ?
]
2025-02-19T10:18:00.010+09:00 DEBUG 26144 --- [demo] [spring-session-1] o.s.jdbc.core.JdbcTemplate               : Executing prepared SQL update
2025-02-19T10:18:00.011+09:00 DEBUG 26144 --- [demo] [spring-session-1] o.s.jdbc.core.JdbcTemplate               : Executing prepared SQL statement [DELETE FROM SPRING_SESSION
WHERE EXPIRY_TIME < ?
]
2025-02-19T10:19:00.009+09:00 DEBUG 26144 --- [demo] [spring-session-1] o.s.jdbc.core.JdbcTemplate               : Executing prepared SQL update
2025-02-19T10:19:00.009+09:00 DEBUG 26144 --- [demo] [spring-session-1] o.s.jdbc.core.JdbcTemplate               : Executing prepared SQL statement [DELETE FROM SPRING_SESSION
WHERE EXPIRY_TIME < ?
]
2025-02-19T10:20:00.015+09:00 DEBUG 26144 --- [demo] [spring-session-1] o.s.jdbc.core.JdbcTemplate               : Executing prepared SQL update
2025-02-19T10:20:00.015+09:00 DEBUG 26144 --- [demo] [spring-session-1] o.s.jdbc.core.JdbcTemplate               : Executing prepared SQL statement [DELETE FROM SPRING_SESSION
WHERE EXPIRY_TIME < ?
]
2025-02-19T10:21:00.011+09:00 DEBUG 26144 --- [demo] [spring-session-1] o.s.jdbc.core.JdbcTemplate               : Executing prepared SQL update
2025-02-19T10:21:00.011+09:00 DEBUG 26144 --- [demo] [spring-session-1] o.s.jdbc.core.JdbcTemplate               : Executing prepared SQL statement [DELETE FROM SPRING_SESSION
WHERE EXPIRY_TIME < ?
]
2025-02-19T10:22:00.014+09:00 DEBUG 26144 --- [demo] [spring-session-1] o.s.jdbc.core.JdbcTemplate               : Executing prepared SQL update
2025-02-19T10:22:00.015+09:00 DEBUG 26144 --- [demo] [spring-session-1] o.s.jdbc.core.JdbcTemplate               : Executing prepared SQL statement [DELETE FROM SPRING_SESSION
WHERE EXPIRY_TIME < ?
]
2025-02-19T10:22:42.357+09:00 DEBUG 26144 --- [demo] [http-nio-8080-exec-8] o.s.security.web.FilterChainProxy        : Securing GET /
2025-02-19T10:22:42.357+09:00 DEBUG 26144 --- [demo] [http-nio-8080-exec-8] o.s.jdbc.core.JdbcTemplate               : Executing prepared SQL query
2025-02-19T10:22:42.357+09:00 DEBUG 26144 --- [demo] [http-nio-8080-exec-8] o.s.jdbc.core.JdbcTemplate               : Executing prepared SQL statement [SELECT S.PRIMARY_ID, S.SESSION_ID, S.CREATION_TIME, S.LAST_ACCESS_TIME, S.MAX_INACTIVE_INTERVAL, SA.ATTRIBUTE_NAME, SA.ATTRIBUTE_BYTES
FROM SPRING_SESSION S
LEFT JOIN SPRING_SESSION_ATTRIBUTES SA ON S.PRIMARY_ID = SA.SESSION_PRIMARY_ID
WHERE S.SESSION_ID = ?
]
2025-02-19T10:22:42.391+09:00 DEBUG 26144 --- [demo] [http-nio-8080-exec-8] o.s.s.w.a.AnonymousAuthenticationFilter  : Set SecurityContextHolder to anonymous SecurityContext
2025-02-19T10:22:42.391+09:00 DEBUG 26144 --- [demo] [http-nio-8080-exec-8] o.s.s.w.session.SessionManagementFilter  : Request requested invalid session id 63bbb4e6-6487-4868-9337-3f97ed07f303
2025-02-19T10:22:42.391+09:00 DEBUG 26144 --- [demo] [http-nio-8080-exec-8] w.s.SimpleRedirectInvalidSessionStrategy : Starting new session (if required) and redirecting to '/login'
2025-02-19T10:22:42.391+09:00 DEBUG 26144 --- [demo] [http-nio-8080-exec-8] o.s.s.web.DefaultRedirectStrategy        : Redirecting to /login
2025-02-19T10:22:42.405+09:00 DEBUG 26144 --- [demo] [http-nio-8080-exec-8] o.s.jdbc.core.JdbcTemplate               : Executing prepared SQL update
2025-02-19T10:22:42.405+09:00 DEBUG 26144 --- [demo] [http-nio-8080-exec-8] o.s.jdbc.core.JdbcTemplate               : Executing prepared SQL statement [INSERT INTO SPRING_SESSION (PRIMARY_ID, SESSION_ID, CREATION_TIME, LAST_ACCESS_TIME, MAX_INACTIVE_INTERVAL, EXPIRY_TIME, PRINCIPAL_NAME)
VALUES (?, ?, ?, ?, ?, ?, ?)
]
2025-02-19T10:22:42.420+09:00 DEBUG 26144 --- [demo] [http-nio-8080-exec-8] o.s.jdbc.core.JdbcTemplate               : Executing prepared SQL query
2025-02-19T10:22:42.420+09:00 DEBUG 26144 --- [demo] [http-nio-8080-exec-8] o.s.jdbc.core.JdbcTemplate               : Executing prepared SQL statement [SELECT S.PRIMARY_ID, S.SESSION_ID, S.CREATION_TIME, S.LAST_ACCESS_TIME, S.MAX_INACTIVE_INTERVAL, SA.ATTRIBUTE_NAME, SA.ATTRIBUTE_BYTES
FROM SPRING_SESSION S
LEFT JOIN SPRING_SESSION_ATTRIBUTES SA ON S.PRIMARY_ID = SA.SESSION_PRIMARY_ID
WHERE S.SESSION_ID = ?
]
2025-02-19T10:22:42.491+09:00 DEBUG 26144 --- [demo] [http-nio-8080-exec-9] o.s.security.web.FilterChainProxy        : Securing GET /login
2025-02-19T10:22:42.493+09:00 DEBUG 26144 --- [demo] [http-nio-8080-exec-9] o.s.jdbc.core.JdbcTemplate               : Executing prepared SQL query
2025-02-19T10:22:42.494+09:00 DEBUG 26144 --- [demo] [http-nio-8080-exec-9] o.s.jdbc.core.JdbcTemplate               : Executing prepared SQL statement [SELECT S.PRIMARY_ID, S.SESSION_ID, S.CREATION_TIME, S.LAST_ACCESS_TIME, S.MAX_INACTIVE_INTERVAL, SA.ATTRIBUTE_NAME, SA.ATTRIBUTE_BYTES
FROM SPRING_SESSION S
LEFT JOIN SPRING_SESSION_ATTRIBUTES SA ON S.PRIMARY_ID = SA.SESSION_PRIMARY_ID
WHERE S.SESSION_ID = ?
]
2025-02-19T10:22:42.502+09:00 DEBUG 26144 --- [demo] [http-nio-8080-exec-9] o.s.jdbc.core.JdbcTemplate               : Executing prepared SQL update
2025-02-19T10:22:42.502+09:00 DEBUG 26144 --- [demo] [http-nio-8080-exec-9] o.s.jdbc.core.JdbcTemplate               : Executing prepared SQL statement [UPDATE SPRING_SESSION
SET SESSION_ID = ?, LAST_ACCESS_TIME = ?, MAX_INACTIVE_INTERVAL = ?, EXPIRY_TIME = ?, PRINCIPAL_NAME = ?
WHERE PRIMARY_ID = ?
]
2025-02-19T10:22:42.515+09:00 DEBUG 26144 --- [demo] [http-nio-8080-exec-9] o.s.jdbc.core.JdbcTemplate               : Executing prepared SQL update
2025-02-19T10:22:42.515+09:00 DEBUG 26144 --- [demo] [http-nio-8080-exec-9] o.s.jdbc.core.JdbcTemplate               : Executing prepared SQL statement [INSERT INTO SPRING_SESSION_ATTRIBUTES (SESSION_PRIMARY_ID, ATTRIBUTE_NAME, ATTRIBUTE_BYTES)
VALUES (?, ?, ?)
]
2025-02-19T10:22:42.546+09:00 DEBUG 26144 --- [demo] [http-nio-8080-exec-9] o.s.jdbc.core.JdbcTemplate               : Executing prepared SQL query
2025-02-19T10:22:42.546+09:00 DEBUG 26144 --- [demo] [http-nio-8080-exec-9] o.s.jdbc.core.JdbcTemplate               : Executing prepared SQL statement [SELECT S.PRIMARY_ID, S.SESSION_ID, S.CREATION_TIME, S.LAST_ACCESS_TIME, S.MAX_INACTIVE_INTERVAL, SA.ATTRIBUTE_NAME, SA.ATTRIBUTE_BYTES
FROM SPRING_SESSION S
LEFT JOIN SPRING_SESSION_ATTRIBUTES SA ON S.PRIMARY_ID = SA.SESSION_PRIMARY_ID
WHERE S.SESSION_ID = ?
]
2025-02-19T10:22:42.645+09:00 DEBUG 26144 --- [demo] [http-nio-8080-exec-10] o.s.security.web.FilterChainProxy        : Securing GET /default-ui.css
2025-02-19T10:22:46.585+09:00 DEBUG 26144 --- [demo] [http-nio-8080-exec-3] o.s.security.web.FilterChainProxy        : Securing POST /login
2025-02-19T10:22:46.585+09:00 DEBUG 26144 --- [demo] [http-nio-8080-exec-3] o.s.jdbc.core.JdbcTemplate               : Executing prepared SQL query
2025-02-19T10:22:46.585+09:00 DEBUG 26144 --- [demo] [http-nio-8080-exec-3] o.s.jdbc.core.JdbcTemplate               : Executing prepared SQL statement [SELECT S.PRIMARY_ID, S.SESSION_ID, S.CREATION_TIME, S.LAST_ACCESS_TIME, S.MAX_INACTIVE_INTERVAL, SA.ATTRIBUTE_NAME, SA.ATTRIBUTE_BYTES
FROM SPRING_SESSION S
LEFT JOIN SPRING_SESSION_ATTRIBUTES SA ON S.PRIMARY_ID = SA.SESSION_PRIMARY_ID
WHERE S.SESSION_ID = ?
]
2025-02-19T10:22:46.829+09:00 DEBUG 26144 --- [demo] [http-nio-8080-exec-3] o.s.s.a.dao.DaoAuthenticationProvider    : Authenticated user
2025-02-19T10:22:46.845+09:00 DEBUG 26144 --- [demo] [http-nio-8080-exec-3] .s.ChangeSessionIdAuthenticationStrategy : Changed session id from fa15b736-08fd-4424-b37a-1718b0ea5765
2025-02-19T10:22:46.845+09:00 DEBUG 26144 --- [demo] [http-nio-8080-exec-3] o.s.s.w.csrf.CsrfAuthenticationStrategy  : Replaced CSRF Token
2025-02-19T10:22:46.860+09:00 DEBUG 26144 --- [demo] [http-nio-8080-exec-3] w.c.HttpSessionSecurityContextRepository : Stored SecurityContextImpl [Authentication=UsernamePasswordAuthenticationToken [Principal=org.springframework.security.core.userdetails.User [Username=user, Password=[PROTECTED], Enabled=true, AccountNonExpired=true, CredentialsNonExpired=true, AccountNonLocked=true, Granted Authorities=[ROLE_USER]], Credentials=[PROTECTED], Authenticated=true, Details=WebAuthenticationDetails [RemoteIpAddress=0:0:0:0:0:0:0:1, SessionId=fa15b736-08fd-4424-b37a-1718b0ea5765], Granted Authorities=[ROLE_USER]]] to HttpSession [org.springframework.session.web.http.SessionRepositoryFilter$SessionRepositoryRequestWrapper$HttpSessionWrapper@700ae3fd]
2025-02-19T10:22:46.860+09:00 DEBUG 26144 --- [demo] [http-nio-8080-exec-3] w.a.UsernamePasswordAuthenticationFilter : Set SecurityContextHolder to UsernamePasswordAuthenticationToken [Principal=org.springframework.security.core.userdetails.User [Username=user, Password=[PROTECTED], Enabled=true, AccountNonExpired=true, CredentialsNonExpired=true, AccountNonLocked=true, Granted Authorities=[ROLE_USER]], Credentials=[PROTECTED], Authenticated=true, Details=WebAuthenticationDetails [RemoteIpAddress=0:0:0:0:0:0:0:1, SessionId=fa15b736-08fd-4424-b37a-1718b0ea5765], Granted Authorities=[ROLE_USER]]
2025-02-19T10:22:46.861+09:00 DEBUG 26144 --- [demo] [http-nio-8080-exec-3] o.s.s.web.DefaultRedirectStrategy        : Redirecting to /
2025-02-19T10:22:46.876+09:00 DEBUG 26144 --- [demo] [http-nio-8080-exec-3] o.s.jdbc.core.JdbcTemplate               : Executing prepared SQL update
2025-02-19T10:22:46.876+09:00 DEBUG 26144 --- [demo] [http-nio-8080-exec-3] o.s.jdbc.core.JdbcTemplate               : Executing prepared SQL statement [UPDATE SPRING_SESSION
SET SESSION_ID = ?, LAST_ACCESS_TIME = ?, MAX_INACTIVE_INTERVAL = ?, EXPIRY_TIME = ?, PRINCIPAL_NAME = ?
WHERE PRIMARY_ID = ?
]
2025-02-19T10:22:46.876+09:00 DEBUG 26144 --- [demo] [http-nio-8080-exec-3] o.s.jdbc.core.JdbcTemplate               : Executing prepared SQL update
2025-02-19T10:22:46.876+09:00 DEBUG 26144 --- [demo] [http-nio-8080-exec-3] o.s.jdbc.core.JdbcTemplate               : Executing prepared SQL statement [INSERT INTO SPRING_SESSION_ATTRIBUTES (SESSION_PRIMARY_ID, ATTRIBUTE_NAME, ATTRIBUTE_BYTES)
VALUES (?, ?, ?)
]
2025-02-19T10:22:46.922+09:00 DEBUG 26144 --- [demo] [http-nio-8080-exec-3] o.s.jdbc.core.JdbcTemplate               : Executing prepared SQL update
2025-02-19T10:22:46.922+09:00 DEBUG 26144 --- [demo] [http-nio-8080-exec-3] o.s.jdbc.core.JdbcTemplate               : Executing prepared SQL statement [DELETE FROM SPRING_SESSION_ATTRIBUTES
WHERE SESSION_PRIMARY_ID = ?
AND ATTRIBUTE_NAME = ?
]
2025-02-19T10:22:46.938+09:00 DEBUG 26144 --- [demo] [http-nio-8080-exec-3] o.s.jdbc.core.JdbcTemplate               : Executing prepared SQL query
2025-02-19T10:22:46.938+09:00 DEBUG 26144 --- [demo] [http-nio-8080-exec-3] o.s.jdbc.core.JdbcTemplate               : Executing prepared SQL statement [SELECT S.PRIMARY_ID, S.SESSION_ID, S.CREATION_TIME, S.LAST_ACCESS_TIME, S.MAX_INACTIVE_INTERVAL, SA.ATTRIBUTE_NAME, SA.ATTRIBUTE_BYTES
FROM SPRING_SESSION S
LEFT JOIN SPRING_SESSION_ATTRIBUTES SA ON S.PRIMARY_ID = SA.SESSION_PRIMARY_ID
WHERE S.SESSION_ID = ?
]
2025-02-19T10:22:46.938+09:00 DEBUG 26144 --- [demo] [http-nio-8080-exec-4] o.s.security.web.FilterChainProxy        : Securing GET /
2025-02-19T10:22:46.938+09:00 DEBUG 26144 --- [demo] [http-nio-8080-exec-4] o.s.jdbc.core.JdbcTemplate               : Executing prepared SQL query
2025-02-19T10:22:46.938+09:00 DEBUG 26144 --- [demo] [http-nio-8080-exec-4] o.s.jdbc.core.JdbcTemplate               : Executing prepared SQL statement [SELECT S.PRIMARY_ID, S.SESSION_ID, S.CREATION_TIME, S.LAST_ACCESS_TIME, S.MAX_INACTIVE_INTERVAL, SA.ATTRIBUTE_NAME, SA.ATTRIBUTE_BYTES
FROM SPRING_SESSION S
LEFT JOIN SPRING_SESSION_ATTRIBUTES SA ON S.PRIMARY_ID = SA.SESSION_PRIMARY_ID
WHERE S.SESSION_ID = ?
]
2025-02-19T10:22:46.953+09:00 DEBUG 26144 --- [demo] [http-nio-8080-exec-4] w.c.HttpSessionSecurityContextRepository : Retrieved SecurityContextImpl [Authentication=UsernamePasswordAuthenticationToken [Principal=org.springframework.security.core.userdetails.User [Username=user, Password=[PROTECTED], Enabled=true, AccountNonExpired=true, CredentialsNonExpired=true, AccountNonLocked=true, Granted Authorities=[ROLE_USER]], Credentials=[PROTECTED], Authenticated=true, Details=WebAuthenticationDetails [RemoteIpAddress=0:0:0:0:0:0:0:1, SessionId=fa15b736-08fd-4424-b37a-1718b0ea5765], Granted Authorities=[ROLE_USER]]]
2025-02-19T10:22:46.953+09:00 DEBUG 26144 --- [demo] [http-nio-8080-exec-4] o.s.security.web.FilterChainProxy        : Secured GET /
2025-02-19T10:22:46.953+09:00 DEBUG 26144 --- [demo] [http-nio-8080-exec-4] o.s.web.servlet.DispatcherServlet        : GET "/", parameters={}
2025-02-19T10:22:46.953+09:00 DEBUG 26144 --- [demo] [http-nio-8080-exec-4] s.w.s.m.m.a.RequestMappingHandlerMapping : Mapped to com.example.demo.TestController#index()
2025-02-19T10:22:46.969+09:00 DEBUG 26144 --- [demo] [http-nio-8080-exec-4] o.s.w.s.v.ContentNegotiatingViewResolver : Selected 'text/html' given [text/html, application/xhtml+xml, image/avif, image/webp, image/apng, application/xml;q=0.9, */*;q=0.8, application/signed-exchange;v=b3;q=0.7]
2025-02-19T10:22:47.637+09:00 DEBUG 26144 --- [demo] [http-nio-8080-exec-4] o.s.jdbc.core.JdbcTemplate               : Executing prepared SQL update
2025-02-19T10:22:47.637+09:00 DEBUG 26144 --- [demo] [http-nio-8080-exec-4] o.s.jdbc.core.JdbcTemplate               : Executing prepared SQL statement [UPDATE SPRING_SESSION
SET SESSION_ID = ?, LAST_ACCESS_TIME = ?, MAX_INACTIVE_INTERVAL = ?, EXPIRY_TIME = ?, PRINCIPAL_NAME = ?
WHERE PRIMARY_ID = ?
]
2025-02-19T10:22:47.643+09:00 DEBUG 26144 --- [demo] [http-nio-8080-exec-4] o.s.web.servlet.DispatcherServlet        : Completed 200 OK
2025-02-19T10:22:47.643+09:00 DEBUG 26144 --- [demo] [http-nio-8080-exec-4] o.s.jdbc.core.JdbcTemplate               : Executing prepared SQL query
2025-02-19T10:22:47.644+09:00 DEBUG 26144 --- [demo] [http-nio-8080-exec-4] o.s.jdbc.core.JdbcTemplate               : Executing prepared SQL statement [SELECT S.PRIMARY_ID, S.SESSION_ID, S.CREATION_TIME, S.LAST_ACCESS_TIME, S.MAX_INACTIVE_INTERVAL, SA.ATTRIBUTE_NAME, SA.ATTRIBUTE_BYTES
FROM SPRING_SESSION S
LEFT JOIN SPRING_SESSION_ATTRIBUTES SA ON S.PRIMARY_ID = SA.SESSION_PRIMARY_ID
WHERE S.SESSION_ID = ?
]
2025-02-19T10:22:47.708+09:00 DEBUG 26144 --- [demo] [http-nio-8080-exec-5] o.s.security.web.FilterChainProxy        : Securing GET /css/layout.css
2025-02-19T10:22:47.711+09:00 DEBUG 26144 --- [demo] [http-nio-8080-exec-5] o.s.jdbc.core.JdbcTemplate               : Executing prepared SQL query
2025-02-19T10:22:47.711+09:00 DEBUG 26144 --- [demo] [http-nio-8080-exec-5] o.s.jdbc.core.JdbcTemplate               : Executing prepared SQL statement [SELECT S.PRIMARY_ID, S.SESSION_ID, S.CREATION_TIME, S.LAST_ACCESS_TIME, S.MAX_INACTIVE_INTERVAL, SA.ATTRIBUTE_NAME, SA.ATTRIBUTE_BYTES
FROM SPRING_SESSION S
LEFT JOIN SPRING_SESSION_ATTRIBUTES SA ON S.PRIMARY_ID = SA.SESSION_PRIMARY_ID
WHERE S.SESSION_ID = ?
]
2025-02-19T10:22:47.714+09:00 DEBUG 26144 --- [demo] [http-nio-8080-exec-5] w.c.HttpSessionSecurityContextRepository : Retrieved SecurityContextImpl [Authentication=UsernamePasswordAuthenticationToken [Principal=org.springframework.security.core.userdetails.User [Username=user, Password=[PROTECTED], Enabled=true, AccountNonExpired=true, CredentialsNonExpired=true, AccountNonLocked=true, Granted Authorities=[ROLE_USER]], Credentials=[PROTECTED], Authenticated=true, Details=WebAuthenticationDetails [RemoteIpAddress=0:0:0:0:0:0:0:1, SessionId=fa15b736-08fd-4424-b37a-1718b0ea5765], Granted Authorities=[ROLE_USER]]]
2025-02-19T10:22:47.714+09:00 DEBUG 26144 --- [demo] [http-nio-8080-exec-5] o.s.security.web.FilterChainProxy        : Secured GET /css/layout.css
2025-02-19T10:22:47.714+09:00 DEBUG 26144 --- [demo] [http-nio-8080-exec-5] o.s.web.servlet.DispatcherServlet        : GET "/css/layout.css", parameters={}
2025-02-19T10:22:47.715+09:00 DEBUG 26144 --- [demo] [http-nio-8080-exec-5] o.s.w.s.handler.SimpleUrlHandlerMapping  : Mapped to ResourceHttpRequestHandler [classpath [META-INF/resources/], classpath [resources/], classpath [static/], classpath [public/], ServletContext [/]]
2025-02-19T10:22:47.749+09:00 DEBUG 26144 --- [demo] [http-nio-8080-exec-5] o.s.jdbc.core.JdbcTemplate               : Executing prepared SQL update
2025-02-19T10:22:47.749+09:00 DEBUG 26144 --- [demo] [http-nio-8080-exec-5] o.s.jdbc.core.JdbcTemplate               : Executing prepared SQL statement [UPDATE SPRING_SESSION
SET SESSION_ID = ?, LAST_ACCESS_TIME = ?, MAX_INACTIVE_INTERVAL = ?, EXPIRY_TIME = ?, PRINCIPAL_NAME = ?
WHERE PRIMARY_ID = ?
]
2025-02-19T10:22:47.756+09:00 DEBUG 26144 --- [demo] [http-nio-8080-exec-5] o.s.web.servlet.DispatcherServlet        : Completed 200 OK
2025-02-19T10:22:47.757+09:00 DEBUG 26144 --- [demo] [http-nio-8080-exec-5] o.s.jdbc.core.JdbcTemplate               : Executing prepared SQL query
2025-02-19T10:22:47.757+09:00 DEBUG 26144 --- [demo] [http-nio-8080-exec-5] o.s.jdbc.core.JdbcTemplate               : Executing prepared SQL statement [SELECT S.PRIMARY_ID, S.SESSION_ID, S.CREATION_TIME, S.LAST_ACCESS_TIME, S.MAX_INACTIVE_INTERVAL, SA.ATTRIBUTE_NAME, SA.ATTRIBUTE_BYTES
FROM SPRING_SESSION S
LEFT JOIN SPRING_SESSION_ATTRIBUTES SA ON S.PRIMARY_ID = SA.SESSION_PRIMARY_ID
WHERE S.SESSION_ID = ?
]
2025-02-19T10:23:00.007+09:00 DEBUG 26144 --- [demo] [spring-session-1] o.s.jdbc.core.JdbcTemplate               : Executing prepared SQL update
2025-02-19T10:23:00.008+09:00 DEBUG 26144 --- [demo] [spring-session-1] o.s.jdbc.core.JdbcTemplate               : Executing prepared SQL statement [DELETE FROM SPRING_SESSION
WHERE EXPIRY_TIME < ?
]
2025-02-19T10:23:20.499+09:00 DEBUG 26144 --- [demo] [http-nio-8080-exec-8] o.s.security.web.FilterChainProxy        : Securing GET /usrname/
2025-02-19T10:23:20.501+09:00 DEBUG 26144 --- [demo] [http-nio-8080-exec-8] o.s.jdbc.core.JdbcTemplate               : Executing prepared SQL query
2025-02-19T10:23:20.501+09:00 DEBUG 26144 --- [demo] [http-nio-8080-exec-8] o.s.jdbc.core.JdbcTemplate               : Executing prepared SQL statement [SELECT S.PRIMARY_ID, S.SESSION_ID, S.CREATION_TIME, S.LAST_ACCESS_TIME, S.MAX_INACTIVE_INTERVAL, SA.ATTRIBUTE_NAME, SA.ATTRIBUTE_BYTES
FROM SPRING_SESSION S
LEFT JOIN SPRING_SESSION_ATTRIBUTES SA ON S.PRIMARY_ID = SA.SESSION_PRIMARY_ID
WHERE S.SESSION_ID = ?
]
2025-02-19T10:23:20.505+09:00 DEBUG 26144 --- [demo] [http-nio-8080-exec-8] w.c.HttpSessionSecurityContextRepository : Retrieved SecurityContextImpl [Authentication=UsernamePasswordAuthenticationToken [Principal=org.springframework.security.core.userdetails.User [Username=user, Password=[PROTECTED], Enabled=true, AccountNonExpired=true, CredentialsNonExpired=true, AccountNonLocked=true, Granted Authorities=[ROLE_USER]], Credentials=[PROTECTED], Authenticated=true, Details=WebAuthenticationDetails [RemoteIpAddress=0:0:0:0:0:0:0:1, SessionId=fa15b736-08fd-4424-b37a-1718b0ea5765], Granted Authorities=[ROLE_USER]]]
2025-02-19T10:23:20.505+09:00 DEBUG 26144 --- [demo] [http-nio-8080-exec-8] o.s.security.web.FilterChainProxy        : Secured GET /usrname/
2025-02-19T10:23:20.505+09:00 DEBUG 26144 --- [demo] [http-nio-8080-exec-8] o.s.web.servlet.DispatcherServlet        : GET "/usrname/", parameters={}
2025-02-19T10:23:20.506+09:00 DEBUG 26144 --- [demo] [http-nio-8080-exec-8] s.w.s.m.m.a.RequestMappingHandlerMapping : Mapped to com.example.its.domain.articles.forApiRestController#cuurentUserNmae(Authentication)
2025-02-19T10:23:20.544+09:00 DEBUG 26144 --- [demo] [http-nio-8080-exec-8] m.m.a.RequestResponseBodyMethodProcessor : Using 'text/plain', given [*/*] and supported [text/plain, */*, application/json, application/*+json]
2025-02-19T10:23:20.546+09:00 DEBUG 26144 --- [demo] [http-nio-8080-exec-8] m.m.a.RequestResponseBodyMethodProcessor : Writing ["user"]
2025-02-19T10:23:20.549+09:00 DEBUG 26144 --- [demo] [http-nio-8080-exec-8] o.s.jdbc.core.JdbcTemplate               : Executing prepared SQL update
2025-02-19T10:23:20.549+09:00 DEBUG 26144 --- [demo] [http-nio-8080-exec-8] o.s.jdbc.core.JdbcTemplate               : Executing prepared SQL statement [UPDATE SPRING_SESSION
SET SESSION_ID = ?, LAST_ACCESS_TIME = ?, MAX_INACTIVE_INTERVAL = ?, EXPIRY_TIME = ?, PRINCIPAL_NAME = ?
WHERE PRIMARY_ID = ?
]
2025-02-19T10:23:20.556+09:00 DEBUG 26144 --- [demo] [http-nio-8080-exec-8] o.s.web.servlet.DispatcherServlet        : Completed 200 OK
2025-02-19T10:23:20.556+09:00 DEBUG 26144 --- [demo] [http-nio-8080-exec-8] o.s.jdbc.core.JdbcTemplate               : Executing prepared SQL query
2025-02-19T10:23:20.557+09:00 DEBUG 26144 --- [demo] [http-nio-8080-exec-8] o.s.jdbc.core.JdbcTemplate               : Executing prepared SQL statement [SELECT S.PRIMARY_ID, S.SESSION_ID, S.CREATION_TIME, S.LAST_ACCESS_TIME, S.MAX_INACTIVE_INTERVAL, SA.ATTRIBUTE_NAME, SA.ATTRIBUTE_BYTES
FROM SPRING_SESSION S
LEFT JOIN SPRING_SESSION_ATTRIBUTES SA ON S.PRIMARY_ID = SA.SESSION_PRIMARY_ID
WHERE S.SESSION_ID = ?
]
2025-02-19T10:23:33.518+09:00  INFO 26144 --- [demo] [RMI TCP Connection(298)-127.0.0.1] inMXBeanRegistrar$SpringApplicationAdmin : Application shutdown requested.
2025-02-19T10:23:33.518+09:00 DEBUG 26144 --- [demo] [RMI TCP Connection(298)-127.0.0.1] o.s.b.a.ApplicationAvailabilityBean      : Application availability state ReadinessState changed from ACCEPTING_TRAFFIC to REFUSING_TRAFFIC
2025-02-19T10:23:33.518+09:00 DEBUG 26144 --- [demo] [RMI TCP Connection(298)-127.0.0.1] ConfigServletWebServerApplicationContext : Closing org.springframework.boot.web.servlet.context.AnnotationConfigServletWebServerApplicationContext@4e5c2072, started on Tue Feb 18 17:26:35 JST 2025
2025-02-19T10:23:33.549+09:00  INFO 26144 --- [demo] [RMI TCP Connection(298)-127.0.0.1] o.s.b.w.e.tomcat.GracefulShutdown        : Commencing graceful shutdown. Waiting for active requests to complete
2025-02-19T10:23:33.580+09:00  INFO 26144 --- [demo] [tomcat-shutdown] o.s.b.w.e.tomcat.GracefulShutdown        : Graceful shutdown complete
2025-02-19T10:23:33.580+09:00  INFO 26144 --- [demo] [RMI TCP Connection(298)-127.0.0.1] o.s.i.endpoint.EventDrivenConsumer       : Removing {logging-channel-adapter:_org.springframework.integration.errorLogger} as a subscriber to the 'errorChannel' channel
2025-02-19T10:23:33.580+09:00  INFO 26144 --- [demo] [RMI TCP Connection(298)-127.0.0.1] o.s.i.channel.PublishSubscribeChannel    : Channel 'demo.errorChannel' has 0 subscriber(s).
2025-02-19T10:23:33.580+09:00  INFO 26144 --- [demo] [RMI TCP Connection(298)-127.0.0.1] o.s.i.endpoint.EventDrivenConsumer       : stopped bean '_org.springframework.integration.errorLogger'
2025-02-19T10:23:33.611+09:00  INFO 26144 --- [demo] [RMI TCP Connection(298)-127.0.0.1] j.LocalContainerEntityManagerFactoryBean : Closing JPA EntityManagerFactory for persistence unit 'default'
2025-02-19T10:23:33.627+09:00  INFO 26144 --- [demo] [RMI TCP Connection(298)-127.0.0.1] com.zaxxer.hikari.HikariDataSource       : HikariPool-17 - Shutdown initiated...
2025-02-19T10:23:33.643+09:00  INFO 26144 --- [demo] [RMI TCP Connection(298)-127.0.0.1] com.zaxxer.hikari.HikariDataSource       : HikariPool-17 - Shutdown completed.
